<?xml version="1.0" encoding="UTF-8"?>
<testng-results ignored="0" total="1" passed="1" failed="0" skipped="0">
  <reporter-output>
  </reporter-output>
  <suite started-at="2023-07-03T14:48:22 IST" name="Default suite" finished-at="2023-07-03T14:48:58 IST" duration-ms="36935">
    <groups>
    </groups>
    <test started-at="2023-07-03T14:48:22 IST" name="Default test" finished-at="2023-07-03T14:48:58 IST" duration-ms="36935">
      <class name="amazon.NewSearch">
        <test-method is-config="true" signature="launchBrowser()[pri:0, instance:amazon.NewSearch@7c37508a]" started-at="2023-07-03T14:48:22 IST" name="launchBrowser" finished-at="2023-07-03T14:48:26 IST" duration-ms="4214" status="PASS">
          <reporter-output>
          </reporter-output>
        </test-method> <!-- launchBrowser -->
        <test-method signature="Watch()[pri:0, instance:amazon.NewSearch@7c37508a]" started-at="2023-07-03T14:48:26 IST" name="Watch" description="Product Search" finished-at="2023-07-03T14:48:58 IST" duration-ms="32409" status="PASS">
          <reporter-output>
          </reporter-output>
        </test-method> <!-- Watch -->
      </class> <!-- amazon.NewSearch -->
    </test> <!-- Default test -->
  </suite> <!-- Default suite -->
</testng-results>
